CYVR
CYYC
EBBR
#EDDF
#by d-laser:
EDDK
EDDH
EDDI
EDDM
EDDP
EDDS
#EDDT heading=0
EDHL
#EDNY - parking only
EGFF
EGGD
EGGP
EGGW
#by  gooneybird: 
EGHH
EGKK
EGLC
#EGLL -wrong headings
#by  gooneybird: 
EGPF
EGPH
EGSH
EHAM
EHBD
EHLE
EHLW
EHMM
EHOW
EHRD
EHVK
FACT
FAJS
GCFV
#HECA
#KATL
KBFL
KBWI
KEQA
KHAF
KHWD
#KIAD
#KJFK
KLAX
KNTK
KNUQ
KOAK
#KORD
KPHX
#KRDU
#KSAN
KSFO
KSJC
#by  gooneybird: 
LEMG
LEPA
#by  gooneybird: 
LFBE
LFML
LFPG
LHBP
LILN
#LJLJ
LKTB
LOWI
LRBS
LROP
#LSZH
#---------------------
MUHA
#by Innis Cunningham (qf707):
NZAA
OMAA
#OMDB
OOMS
#PANC heading=0
#PHNL
RPLL
TBPB
TFFF
TFFG
TJSJ
TKPK
TNCM
TQPF
TXKF
#VHHH
VIDP
WMKK
#WSSS
#YBAS
YBBN
YMML
YPAD
#YPDN
YPPH
YSCB
YSSY
