00VA.txt
02CL.txt
02WA.txt
04NV.txt
05C.txt
06A.txt
08A.txt
08R.txt
09J.txt
09W.txt
0A4.txt
0A9.txt
0B7.txt
0B8.txt
0CL8.txt
0I8.txt
0L7.txt
0L9.txt
0M5.txt
0MD0.txt
0O2.txt
0R4.txt
0S9.txt
0V5.txt
0V7.txt
0VA6.txt
0WI4.txt
0WN4.txt
10AZ.txt
10S.txt
11R.txt
11S.txt
11VA.txt
11XS.txt
12D.txt
12Y.txt
13VA.txt
13Y.txt
16D.txt
16S.txt
18AZ.txt
18OR.txt
1B9.txt
1F0.txt
1F4.txt
1G0.txt
1H2.txt
1K4.txt
1MD4.txt
1MD7.txt
1NK8.txt
1OR3.txt
1OR4.txt
1Q1.txt
1R1.txt
1S0.txt
1VA9.txt
1W1.txt
1W3.txt
20VA.txt
20V.txt
21D.txt
22I.txt
26VA.txt
27K.txt
27VA.txt
27XS.txt
28M.txt
28OR.txt
2AK6.txt
2B2.txt
2B3.txt
2CN4.txt
2F1.txt
2G2.txt
2G9.txt
2I0.txt
2NY9.txt
2O7.txt
2OG3.txt
2OK2.txt
2Q5.txt
2S0.txt
2S1.txt
2S6.txt
2VA7.txt
2W2.txt
2W5.txt
2W6.txt
2WA1.txt
2WA3.txt
2WA4.txt
33CA.txt
33N.txt
33PN.txt
33V.txt
35S.txt
37VA.txt
38CA.txt
39N.txt
39P.txt
3B3.txt
3CA7.txt
3CA9.txt
3D2.txt
3G2.txt
3G3.txt
3I2.txt
3L2.txt
3M5.txt
3NK9.txt
3NY5.txt
3O4.txt
3R2.txt
3R9.txt
3S8.txt
3U7.txt
3V0.txt
3VA2.txt
3VA3.txt
40G.txt
40N.txt
41VA.txt
429.txt
44A.txt
44CA.txt
46CN.txt
46U.txt
47N.txt
48Q.txt
48Y.txt
49X.txt
4A6.txt
4B6.txt
4B7.txt
4B8.txt
4G5.txt
4N1.txt
4N7.txt
4NY8.txt
4S1.txt
4S2.txt
4S4.txt
4S6.txt
4S7.txt
4S9.txt
4V0.txt
4V8.txt
4VA2.txt
4WA4.txt
4WA9.txt
51VA.txt
54VA.txt
55J.txt
55S.txt
56S.txt
58VA.txt
5CA7.txt
5CO7.txt
5D5.txt
5MD9.txt
5MN9.txt
5N2.txt
5N5.txt
5N7.txt
5OR1.txt
5S9.txt
5VA5.txt
5W4.txt
5WA7.txt
5Y1.txt
60R.txt
61C.txt
61S.txt
61WA.txt
62WA.txt
63C.txt
63MN.txt
66VA.txt
66WA.txt
67L.txt
68Y.txt
6AK.txt
6B0.txt
6B4.txt
6B9.txt
6D6.txt
6J0.txt
6MD9.txt
6OR4.txt
6R1.txt
6R3.txt
6S2.txt
6S8.txt
6S9.txt
6VA7.txt
6WA5.txt
6WI2.txt
6Y1.txt
70CL.txt
71K.txt
72Q.txt
72VA.txt
73S.txt
74S.txt
75WA.txt
77MN.txt
77S.txt
78MN.txt
78WA.txt
79C.txt
79MN.txt
7B9.txt
7CA2.txt
7D3.txt
7D5.txt
7J1.txt
7M9.txt
7S3.txt
7S5.txt
7S9.txt
7W1.txt
7W4.txt
7WA0.txt
7WA1.txt
7WA5.txt
8421.txt
8422.txt
86CL.txt
87MN.txt
8A0.txt
8A1.txt
8D1.txt
8D4.txt
8GA4.txt
8PS5.txt
8VA0.txt
8VA3.txt
8VA5.txt
8VA7.txt
8VA8.txt
8WI3.txt
8Y2.txt
90WA.txt
91C.txt
91PN.txt
92C.txt
95CA.txt
9G8.txt
9L2.txt
9NY1.txt
9VA2.txt
9VA5.txt
9VA6.txt
9VA7.txt
9VA9.txt
9VG.txt
9WA7.txt
9WN1.txt
9X1.txt
A09.txt
A20.txt
A34.txt
A39.txt
AD4.txt
AH3.txt
AJ4.txt
AL3.txt
AM5.txt
AT4.txt
AV4.txt
AYBK.txt
AYGA.txt
AYKA.txt
AYMN.txt
AYTE.txt
AZ22.txt
BE2.txt
BGBW.txt
BGGH.txt
BGKK.txt
BGMA.txt
BGMQ.txt
BGSF.txt
BIAE.txt
BIAL.txt
BIAR.txt
BIBA.txt
BIBD.txt
BIBF.txt
BIBI.txt
BIBK.txt
BIBL.txt
BIBR.txt
BIBV.txt
BIDA.txt
BIDV.txt
BIEG.txt
BIEH.txt
BIFF.txt
BIFL.txt
BIFM.txt
BIFZ.txt
BIGE.txt
BIGF.txt
BIGH.txt
BIGJ.txt
BIGR.txt
BIGS.txt
BIHE.txt
BIHI.txt
BIHK.txt
BIHL.txt
BIHN.txt
BIHR.txt
BIHS.txt
BIHT.txt
BIHU.txt
BIHV.txt
BIHX.txt
BIHY.txt
BIHZ.txt
BIID.txt
BIIS.txt
BIKA.txt
BIKE.txt
BIKF.txt
BIKJ.txt
BIKL.txt
BIKP.txt
BIKR.txt
BIMK.txt
BIMM.txt
BIMN.txt
BIMS.txt
BIND.txt
BINF.txt
BIOF.txt
BIPA.txt
BIRE.txt
BIRF.txt
BIRG.txt
BIRK.txt
BIRL.txt
BIRS.txt
BISA.txt
BISF.txt
BISG.txt
BISH.txt
BISI.txt
BISK.txt
BISL.txt
BISN.txt
BISP.txt
BISR.txt
BISS.txt
BIST.txt
BISV.txt
BITE.txt
BITF.txt
BITH.txt
BITM.txt
BITN.txt
BITO.txt
BIVH.txt
BIVI.txt
BIVM.txt
BIVO.txt
BKPR.txt
BQ8.txt
BS8.txt
C04.txt
C16.txt
C47.txt
C77.txt
C80.txt
C81.txt
CA21.txt
CA43.txt
CA70.txt
CA88.txt
CA90.txt
CAB5.txt
CAH4.txt
CAK3.txt
CAL5.txt
CAM3.txt
CBV5.txt
CBZ9.txt
CCE3.txt
CCN2.txt
CCR3.txt
CD02.txt
CDA4.txt
CDJ4.txt
CDT5.txt
CDU6.txt
CDU9.txt
CEC4.txt
CEG4.txt
CEL4.txt
CEQ5.txt
CER3.txt
CHW2.txt
CJA3.txt
CJB3.txt
CJD3.txt
CJJ8.txt
CJL6.txt
CJR2.txt
CJY3.txt
CJZ3.txt
CJZ4.txt
CKQ5.txt
CKT7.txt
CL13.txt
CL35.txt
CN64.txt
CNA3.txt
CND4.txt
CNF3.txt
CNL3.txt
CNP3.txt
CNP7.txt
CNQ3.txt
CNS8.txt
CNT6.txt
CNU4.txt
COB4.txt
COL2.txt
CPE4.txt
CPG4.txt
CPK7.txt
CPL3.txt
CPL5.txt
CPN7.txt
CPP7.txt
CPQ3.txt
CPR2.txt
CPT3.txt
CPV2.txt
CSF7.txt
CSS3.txt
CSU3.txt
CTA9.txt
CTR7.txt
CWH4.txt
CYAD.txt
CYAG.txt
CYAH.txt
CYAM.txt
CYAT.txt
CYAV.txt
CYAX.txt
CYAZ.txt
CYBA.txt
CYBD.txt
CYBG.txt
CYBP.txt
CYBR.txt
CYBW.txt
CYCC.txt
CYCD.txt
CYCH.txt
CYCL.txt
CYCN.txt
CYCP.txt
CYCW.txt
CYDA.txt
CYDB.txt
CYDC.txt
CYDF.txt
CYDL.txt
CYDN.txt
CYDO.txt
CYEG.txt
CYEL.txt
CYES.txt
CYET.txt
CYFC.txt
CYFO.txt
CYFR.txt
CYGD.txt
CYGK.txt
CYHD.txt
CYHF.txt
CYHH.txt
CYHM.txt
CYHS.txt
CYHY.txt
CYHZ.txt
CYIB.txt
CYJA.txt
CYJN.txt
CYJP.txt
CYKA.txt
CYKF.txt
CYKY.txt
CYLD.txt
CYLL.txt
CYLQ.txt
CYLS.txt
CYLW.txt
CYMJ.txt
CYML.txt
CYMM.txt
CYMO.txt
CYMT.txt
CYND.txt
CYNE.txt
CYOD.txt
CYOW.txt
CYPA.txt
CYPE.txt
CYPG.txt
CYPK.txt
CYPR.txt
CYPS.txt
CYPW.txt
CYPY.txt
CYPZ.txt
CYQB.txt
CYQD.txt
CYQG.txt
CYQL.txt
CYQM.txt
CYQN.txt
CYQQ.txt
CYQR.txt
CYQT.txt
CYQU.txt
CYQX.txt
CYQY.txt
CYRC.txt
CYRI.txt
CYRJ.txt
CYRO.txt
CYRP.txt
CYRQ.txt
CYSB.txt
CYSC.txt
CYSH.txt
CYSJ.txt
CYSL.txt
CYSM.txt
CYSN.txt
CYTA.txt
CYTB.txt
CYTE.txt
CYTF.txt
CYTR.txt
CYTZ.txt
CYUL.txt
CYUY.txt
CYVG.txt
CYVQ.txt
CYVR.txt
CYVV.txt
CYWG.txt
CYWK.txt
CYWM.txt
CYXC.txt
CYXE.txt
CYXH.txt
CYXL.txt
CYXS.txt
CYXT.txt
CYXU.txt
CYXX.txt
CYXY.txt
CYXZ.txt
CYYC.txt
CYYD.txt
CYYG.txt
CYYJ.txt
CYYM.txt
CYYN.txt
CYYR.txt
CYYT.txt
CYYZ.txt
CYZE.txt
CYZH.txt
CYZR.txt
CYZT.txt
CYZU.txt
CZBA.txt
CZBB.txt
CZBF.txt
CZBM.txt
CZHP.txt
CZKE.txt
CZMD.txt
CZNL.txt
CZPB.txt
CZPC.txt
CZRJ.txt
CZSJ.txt
CZST.txt
CZUC.txt
CZVL.txt
D25.txt
D38.txt
D98.txt
DAAD.txt
DAOI.txt
DC06.txt
DC07.txt
DC08.txt
DC09.txt
DC12.txt
DC17.txt
DE02.txt
DGAA.txt
DRZA.txt
DRZD.txt
E01.txt
E14.txt
E24.txt
E25.txt
E38.txt
E51.txt
E60.txt
E63.txt
E67.txt
E68.txt
E70.txt
E78.txt
E81.txt
E91.txt
EA5.txt
EA6.txt
EBHN.txt
EBOS.txt
EBSP.txt
EBZW.txt
ED01.txt
ED02.txt
ED03.txt
ED04.txt
ED05.txt
ED06.txt
ED07.txt
ED08.txt
ED09.txt
ED1A.txt
ED1B.txt
ED1C.txt
ED1D.txt
ED1E.txt
ED1F.txt
ED1G.txt
ED1H.txt
ED1I.txt
ED1J.txt
ED1K.txt
ED1L.txt
ED1M.txt
ED1N.txt
ED1O.txt
ED1P.txt
ED1Q.txt
ED2A.txt
ED2B.txt
ED2C.txt
ED4.txt
ED5.txt
EDAB.txt
EDAC.txt
EDAD.txt
EDAE.txt
EDAG.txt
EDAH.txt
EDAI.txt
EDAJ.txt
EDAK.txt
EDAM.txt
EDAN.txt
EDAO.txt
EDAP.txt
EDAQ.txt
EDAR.txt
EDAS.txt
EDAT.txt
EDAU.txt
EDAV.txt
EDAW.txt
EDAX.txt
EDAY.txt
EDAZ.txt
EDBA.txt
EDBC.txt
EDBE.txt
EDBF.txt
EDBG.txt
EDBH.txt
EDBI.txt
EDBJ.txt
EDBK.txt
EDBL.txt
EDBM.txt
EDBN.txt
EDBO.txt
EDBP.txt
EDBQ.txt
EDBR.txt
EDBS.txt
EDBT.txt
EDBU.txt
EDBV.txt
EDBW.txt
EDBX.txt
EDBY.txt
EDBZ.txt
EDCA.txt
EDCB.txt
EDCD.txt
EDCE.txt
EDCF.txt
EDCG.txt
EDCH.txt
EDCI.txt
EDCJ.txt
EDCK.txt
EDCL.txt
EDCM.txt
EDCO.txt
EDCP.txt
EDCQ.txt
EDCR.txt
EDCS.txt
EDCT.txt
EDCU.txt
EDCV.txt
EDCW.txt
EDCX.txt
EDCY.txt
EDDB.txt
EDDC.txt
EDDE.txt
EDDF.txt
EDDG.txt
EDDH.txt
EDDK.txt
EDDL.txt
EDDM.txt
EDDN.txt
EDDP.txt
EDDR.txt
EDDS.txt
EDDT.txt
EDDV.txt
EDDW.txt
EDEB.txt
EDEF.txt
EDEG.txt
EDEH.txt
EDEL.txt
EDEM.txt
EDEN.txt
EDEP.txt
EDEQ.txt
EDER.txt
EDES.txt
EDEW.txt
EDFA.txt
EDFB.txt
EDFC.txt
EDFD.txt
EDFE.txt
EDFG.txt
EDFH.txt
EDFI.txt
EDFJ.txt
EDFK.txt
EDFL.txt
EDFM.txt
EDFN.txt
EDFO.txt
EDFP.txt
EDFQ.txt
EDFR.txt
EDFS.txt
EDFT.txt
EDFU.txt
EDFV.txt
EDFW.txt
EDFX.txt
EDFY.txt
EDFZ.txt
EDGA.txt
EDGB.txt
EDGE.txt
EDGF.txt
EDGH.txt
EDGI.txt
EDGJ.txt
EDGK.txt
EDGL.txt
EDGM.txt
EDGO.txt
EDGP.txt
EDGQ.txt
EDGR.txt
EDGS.txt
EDGT.txt
EDGU.txt
EDGW.txt
EDGX.txt
EDGZ.txt
EDH1.txt
EDHA.txt
EDHB.txt
EDHC.txt
EDHD.txt
EDHE.txt
EDHF.txt
EDHG.txt
EDHI.txt
EDHK.txt
EDHL.txt
EDHM.txt
EDHN.txt
EDHO.txt
EDHP.txt
EDHS.txt
EDHU.txt
EDHW.txt
EDJA.txt
EDJG.txt
EDKA.txt
EDKB.txt
EDKD.txt
EDKE.txt
EDKF.txt
EDKH.txt
EDKI.txt
EDKL.txt
EDKM.txt
EDKN.txt
EDKO.txt
EDKP.txt
EDKR.txt
EDKU.txt
EDKV.txt
EDKW.txt
EDKZ.txt
EDLA.txt
EDLB.txt
EDLC.txt
EDLD.txt
EDLE.txt
EDLF.txt
EDLG.txt
EDLH.txt
EDLI.txt
EDLJ.txt
EDLK.txt
EDLM.txt
EDLN.txt
EDLO.txt
EDLQ.txt
EDLR.txt
EDLS.txt
EDLT.txt
EDLU.txt
EDLV.txt
EDLW.txt
EDLX.txt
EDLY.txt
EDLZ.txt
EDMA.txt
EDMB.txt
EDMC.txt
EDMD.txt
EDME.txt
EDMF.txt
EDMG.txt
EDMH.txt
EDMI.txt
EDMJ.txt
EDMK.txt
EDML.txt
EDMN.txt
EDMO.txt
EDMP.txt
EDMQ.txt
EDMR.txt
EDMS.txt
EDMT.txt
EDMU.txt
EDMV.txt
EDMW.txt
EDMX.txt
EDMY.txt
EDNA.txt
EDNB.txt
EDNC.txt
EDND.txt
EDNE.txt
EDNF.txt
EDNG.txt
EDNH.txt
EDNI.txt
EDNJ.txt
EDNK.txt
EDNL.txt
EDNM.txt
EDNO.txt
EDNP.txt
EDNQ.txt
EDNR.txt
EDNS.txt
EDNT.txt
EDNU.txt
EDNV.txt
EDNW.txt
EDNX.txt
EDNY.txt
EDNZ.txt
EDOA.txt
EDOB.txt
EDOC.txt
EDOD.txt
EDOE.txt
EDOF.txt
EDOG.txt
EDOH.txt
EDOI.txt
EDOJ.txt
EDOK.txt
EDOL.txt
EDOM.txt
EDON.txt
EDOP.txt
EDOQ.txt
EDOR.txt
EDOS.txt
EDOT.txt
EDOU.txt
EDOV.txt
EDOW.txt
EDOX.txt
EDOY.txt
EDOZ.txt
EDPA.txt
EDPB.txt
EDPC.txt
EDPD.txt
EDPE.txt
EDPF.txt
EDPG.txt
EDPH.txt
EDPI.txt
EDPJ.txt
EDPK.txt
EDPM.txt
EDPO.txt
EDPQ.txt
EDPR.txt
EDPS.txt
EDPT.txt
EDPU.txt
EDPW.txt
EDPY.txt
EDQA.txt
EDQB.txt
EDQC.txt
EDQD.txt
EDQE.txt
EDQF.txt
EDQG.txt
EDQH.txt
EDQI.txt
EDQK.txt
EDQL.txt
EDQM.txt
EDQN.txt
EDQO.txt
EDQP.txt
EDQR.txt
EDQS.txt
EDQT.txt
EDQW.txt
EDQX.txt
EDQY.txt
EDQZ.txt
EDRA.txt
EDRB.txt
EDRD.txt
EDRE.txt
EDRF.txt
EDRG.txt
EDRH.txt
EDRI.txt
EDRJ.txt
EDRK.txt
EDRL.txt
EDRM.txt
EDRN.txt
EDRO.txt
EDRP.txt
EDRS.txt
EDRT.txt
EDRV.txt
EDRW.txt
EDRX.txt
EDRY.txt
EDRZ.txt
EDSA.txt
EDSB.txt
EDSE.txt
EDSG.txt
EDSH.txt
EDSI.txt
EDSK.txt
EDSL.txt
EDSN.txt
EDSO.txt
EDSP.txt
EDSR.txt
EDST.txt
EDSV.txt
EDSW.txt
EDSZ.txt
EDTB.txt
EDTC.txt
EDTD.txt
EDTE.txt
EDTF.txt
EDTG.txt
EDTH.txt
EDTK.txt
EDTL.txt
EDTM.txt
EDTN.txt
EDTO.txt
EDTP.txt
EDTQ.txt
EDTR.txt
EDTS.txt
EDTU.txt
EDTW.txt
EDTX.txt
EDTY.txt
EDTZ.txt
EDUA.txt
EDUF.txt
EDUG.txt
EDUO.txt
EDUS.txt
EDUW.txt
EDUY.txt
EDUZ.txt
EDVA.txt
EDVC.txt
EDVE.txt
EDVF.txt
EDVG.txt
EDVH.txt
EDVI.txt
EDVJ.txt
EDVK.txt
EDVL.txt
EDVM.txt
EDVN.txt
EDVP.txt
EDVQ.txt
EDVR.txt
EDVS.txt
EDVT.txt
EDVU.txt
EDVW.txt
EDVX.txt
EDVY.txt
EDWA.txt
EDWB.txt
EDWC.txt
EDWE.txt
EDWF.txt
EDWG.txt
EDWH.txt
EDWI.txt
EDWJ.txt
EDWK.txt
EDWL.txt
EDWM.txt
EDWN.txt
EDWO.txt
EDWP.txt
EDWQ.txt
EDWR.txt
EDWS.txt
EDWT.txt
EDWU.txt
EDWV.txt
EDWX.txt
EDWY.txt
EDWZ.txt
EDX1.txt
EDX2.txt
EDX3.txt
EDX4.txt
EDX5.txt
EDX6.txt
EDX8.txt
EDX9.txt
EDXA.txt
EDXB.txt
EDXC.txt
EDXD.txt
EDXE.txt
EDXF.txt
EDXG.txt
EDXH.txt
EDXI.txt
EDXJ.txt
EDXK.txt
EDXL.txt
EDXM.txt
EDXN.txt
EDXO.txt
EDXP.txt
EDXQ.txt
EDXR.txt
EDXS.txt
EDXT.txt
EDXU.txt
EDXW.txt
EDXY.txt
EDXZ.txt
EDY1.txt
EE5.txt
EEKA.txt
EETN.txt
EETU.txt
EF3.txt
EFEJ.txt
EFEK.txt
EFEU.txt
EFGE.txt
EFHE.txt
EFHF.txt
EFHK.txt
EFHM.txt
EFHY.txt
EFJY.txt
EFKG.txt
EFKI.txt
EFKU.txt
EFLN.txt
EFLP.txt
EFMA.txt
EFMH.txt
EFMP.txt
EFOP.txt
EFPI.txt
EFPO.txt
EFPT.txt
EFRO.txt
EFTU.txt
EFTV.txt
EFUT.txt
EFVP.txt
EG3.txt
EG65.txt
EG74.txt
EGAA.txt
EGAB.txt
EGAC.txt
EGAD.txt
EGAE.txt
EGBB.txt
EGBD.txt
EGBE.txt
EGBF.txt
EGBG.txt
EGBJ.txt
EGBK.txt
EGBM.txt
EGBN.txt
EGBO.txt
EGBP.txt
EGBS.txt
EGBW.txt
EGCB.txt
EGCC.txt
EGCF.txt
EGCJ.txt
EGCK.txt
EGCL.txt
EGCN.txt
EGCV.txt
EGCW.txt
EGEC.txt
EGEF.txt
EGEI.txt
EGEL.txt
EGEN.txt
EGEO.txt
EGEP.txt
EGER.txt
EGES.txt
EGET.txt
EGEW.txt
EGEY.txt
EGFA.txt
EGFE.txt
EGFH.txt
EGFP.txt
EGGP.txt
EGHA.txt
EGHB.txt
EGHC.txt
EGHE.txt
EGHF.txt
EGHG.txt
EGHH.txt
EGHI.txt
EGHJ.txt
EGHN.txt
EGHO.txt
EGHQ.txt
EGHR.txt
EGJA.txt
EGJB.txt
EGJJ.txt
EGKA.txt
EGKB.txt
EGKE.txt
EGKH.txt
EGKL.txt
EGKR.txt
EGLC.txt
EGLD.txt
EGLJ.txt
EGLK.txt
EGLL.txt
EGLM.txt
EGLS.txt
EGLW.txt
EGMC.txt
EGMD.txt
EGMH.txt
EGNE.txt
EGNF.txt
EGNJ.txt
EGNL.txt
EGNO.txt
EGNR.txt
EGNS.txt
EGNV.txt
EGNW.txt
EGNX.txt
EGOQ.txt
EGPA.txt
EGPB.txt
EGPC.txt
EGPD.txt
EGPE.txt
EGPG.txt
EGPJ.txt
EGPK.txt
EGPL.txt
EGPM.txt
EGPN.txt
EGPO.txt
EGPR.txt
EGPT.txt
EGPU.txt
EGPW.txt
EGSC.txt
EGSF.txt
EGSG.txt
EGSH.txt
EGSL.txt
EGSM.txt
EGSR.txt
EGSS.txt
EGSU.txt
EGSV.txt
EGTB.txt
EGTC.txt
EGTE.txt
EGTF.txt
EGTH.txt
EGTK.txt
EGTO.txt
EGTP.txt
EGTR.txt
EGTU.txt
EGWU.txt
EGYP.txt
EH6.txt
EHAL.txt
EHAM.txt
EHBK.txt
EHGG.txt
EHHV.txt
EHKD.txt
EHLE.txt
EHLW.txt
EHMD.txt
EHMZ.txt
EHRD.txt
EHTE.txt
EHTW.txt
EHTX.txt
EHVB.txt
EHVL.txt
EIAB.txt
EIBN.txt
EIDL.txt
EIDW.txt
EIFR.txt
EINN.txt
EISG.txt
EIWT.txt
EJ3.txt
EJ6.txt
EK01.txt
EK62.txt
EK78.txt
EKAE.txt
EKAH.txt
EKAR.txt
EKAT.txt
EKBI.txt
EKCE.txt
EKCH.txt
EKDB.txt
EKDE.txt
EKDF.txt
EKEB.txt
EKFR.txt
EKGC.txt
EKGH.txt
EKHA.txt
EKHB.txt
EKHD.txt
EKHE.txt
EKHG.txt
EKHN.txt
EKHO.txt
EKHR.txt
EKHS.txt
EKHV.txt
EKLS.txt
EKNI.txt
EKOD.txt
EKPB.txt
EKRF.txt
EKRK.txt
EKRN.txt
EKSB.txt
EKSC.txt
EKSI.txt
EKSN.txt
EKSV.txt
EKTE.txt
EKTS.txt
EKTW.txt
EKVD.txt
EKVG.txt
EKVJ.txt
EKYT.txt
EL5.txt
ELLX.txt
ELMD.txt
ELNT.txt
ELUS.txt
EN09.txt
EN2.txt
EN3.txt
EN4.txt
EN6.txt
ENAT.txt
ENBE.txt
ENDP.txt
ENFL.txt
ENFR.txt
ENJA.txt
ENLA.txt
ENLK.txt
ENOA.txt
ENOC.txt
ENQA.txt
ENQB.txt
ENQC.txt
ENQD.txt
ENQE.txt
ENQO.txt
ENQU.txt
ENRK.txt
ENRY.txt
ENSI.txt
ENSL.txt
ENVF.txt
ENVH.txt
ENXA.txt
ENXB.txt
ENXD.txt
ENXG.txt
ENXH.txt
ENXJ.txt
ENXK.txt
ENXL.txt
ENXM.txt
ENXN.txt
ENXO.txt
ENXR.txt
ENXT.txt
ENXV.txt
ENXX.txt
ENXZ.txt
EP07.txt
EP6.txt
EPGD.txt
EPKK.txt
EPKT.txt
EPLL.txt
EPLS.txt
EPOM.txt
EPPW.txt
EPRZ.txt
EPSC.txt
EPSD.txt
EPZG.txt
ER2.txt
ES01.txt
ES03.txt
ES04.txt
ES05.txt
ES07.txt
ES08.txt
ESCF.txt
ESCK.txt
ESCM.txt
ESDF.txt
ESEG.txt
ESEK.txt
ESEL.txt
ESEM.txt
ESES.txt
ESEY.txt
ESFA.txt
ESFH.txt
ESFI.txt
ESFJ.txt
ESFM.txt
ESFQ.txt
ESFR.txt
ESFS.txt
ESFU.txt
ESFY.txt
ESGA.txt
ESGC.txt
ESGD.txt
ESGE.txt
ESGF.txt
ESGG.txt
ESGH.txt
ESGI.txt
ESGJ.txt
ESGK.txt
ESGL.txt
ESGM.txt
ESGN.txt
ESGO.txt
ESGP.txt
ESGR.txt
ESGS.txt
ESGT.txt
ESGU.txt
ESGV.txt
ESGY.txt
ESHB.txt
ESHC.txt
ESHD.txt
ESHG.txt
ESHH.txt
ESHI.txt
ESHJ.txt
ESHK.txt
ESHL.txt
ESHO.txt
ESHS.txt
ESHT.txt
ESHX.txt
ESHY.txt
ESIA.txt
ESIB.txt
ESKA.txt
ESKB.txt
ESKC.txt
ESKD.txt
ESKG.txt
ESKH.txt
ESKK.txt
ESKM.txt
ESKN.txt
ESKO.txt
ESKS.txt
ESKT.txt
ESKU.txt
ESKV.txt
ESKX.txt
ESMA.txt
ESMB.txt
ESMC.txt
ESMD.txt
ESME.txt
ESMF.txt
ESMG.txt
ESMH.txt
ESMI.txt
ESMJ.txt
ESMK.txt
ESML.txt
ESMO.txt
ESMP.txt
ESMQ.txt
ESMS.txt
ESMT.txt
ESMU.txt
ESMV.txt
ESMX.txt
ESMY.txt
ESMZ.txt
ESNA.txt
ESNB.txt
ESNC.txt
ESND.txt
ESNE.txt
ESNF.txt
ESNG.txt
ESNH.txt
ESNI.txt
ESNJ.txt
ESNK.txt
ESNL.txt
ESNM.txt
ESNN.txt
ESNO.txt
ESNP.txt
ESNQ.txt
ESNR.txt
ESNS.txt
ESNT.txt
ESNU.txt
ESNV.txt
ESNX.txt
ESNY.txt
ESNZ.txt
ESOE.txt
ESOH.txt
ESOK.txt
ESOL.txt
ESOW.txt
ESPA.txt
ESPE.txt
ESPG.txt
ESPJ.txt
ESQO.txt
ESQP.txt
ESSA.txt
ESSB.txt
ESSC.txt
ESSD.txt
ESSE.txt
ESSF.txt
ESSG.txt
ESSH.txt
ESSI.txt
ESSK.txt
ESSL.txt
ESSM.txt
ESSN.txt
ESSP.txt
ESST.txt
ESSU.txt
ESSV.txt
ESSW.txt
ESSX.txt
ESSZ.txt
ESTA.txt
ESTF.txt
ESTL.txt
ESTO.txt
ESTT.txt
ESUA.txt
ESUB.txt
ESUD.txt
ESUE.txt
ESUF.txt
ESUG.txt
ESUH.txt
ESUI.txt
ESUJ.txt
ESUK.txt
ESUL.txt
ESUM.txt
ESUO.txt
ESUP.txt
ESUR.txt
ESUS.txt
ESUT.txt
ESUV.txt
ESUY.txt
ESVA.txt
ESVB.txt
ESVF.txt
ESVG.txt
ESVH.txt
ESVK.txt
ESVM.txt
ESVQ.txt
ESVS.txt
ETAD.txt
ETAR.txt
ETEB.txt
ETED.txt
ETEK.txt
ETHA.txt
ETHB.txt
ETHC.txt
ETHE.txt
ETHF.txt
ETHH.txt
ETHL.txt
ETHN.txt
ETHR.txt
ETHS.txt
ETIC.txt
ETIH.txt
ETIK.txt
ETIN.txt
ETIP.txt
ETIY.txt
ETMN.txt
ETND.txt
ETNG.txt
ETNH.txt
ETNJ.txt
ETNL.txt
ETNN.txt
ETNS.txt
ETNT.txt
ETNW.txt
ETOA.txt
ETOI.txt
ETOR.txt
ETOU.txt
ETSA.txt
ETSB.txt
ETSE.txt
ETSF.txt
ETSH.txt
ETSI.txt
ETSL.txt
ETSN.txt
ETUO.txt
ETWM.txt
EU2.txt
EVAD.txt
EVLI.txt
EVPA.txt
EVRA.txt
EVVA.txt
EW5.txt
F37.txt
F72.txt
F86.txt
F99.txt
FABE.txt
FABL.txt
FABS.txt
FABW.txt
FACT.txt
FAEL.txt
FAGC.txt
FAGG.txt
FAKM.txt
FAKN.txt
FAKT.txt
FALA.txt
FALE.txt
FAMG.txt
FANY.txt
FAOH.txt
FAPE.txt
FAPG.txt
FAPM.txt
FAPN.txt
FARB.txt
FARG.txt
FASZ.txt
FATZ.txt
FAUP.txt
FAWB.txt
FBKE.txt
FBMN.txt
FBSK.txt
FD4.txt
FHSH.txt
FJDG.txt
FKKR.txt
FLLA.txt
FLND.txt
FLSO.txt
FM4.txt
FMNA.txt
FN18.txt
FN19.txt
FNBG.txt
FNCT.txt
FNDU.txt
FNHU.txt
FNKU.txt
FNLU.txt
FNME.txt
FNSA.txt
FNUB.txt
FNUE.txt
FS5.txt
FTTA.txt
FTTC.txt
FTTD.txt
FTTJ.txt
FVFA.txt
FVKB.txt
FXQN.txt
FYGB.txt
FYKM.txt
FYKT.txt
FYLZ.txt
FYML.txt
FYRC.txt
FYTM.txt
FYWB.txt
FYWE.txt
FYWH.txt
FZAA.txt
FZAG.txt
FZQV.txt
GATB.txt
GCEJ.txt
GCFV.txt
GCGM.txt
GCGO.txt
GCHI.txt
GCHU.txt
GCLA.txt
GCLB.txt
GCLP.txt
GCRR.txt
GCTS.txt
GCXM.txt
GCXO.txt
GMFA.txt
GMFZ.txt
GMMF.txt
GMMI.txt
GMML.txt
GMMZ.txt
GMTA.txt
GQPP.txt
GQPT.txt
GVMT.txt
GVSF.txt
H30.txt
HAAB.txt
HEBL.txt
HECA.txt
HELX.txt
HEOW.txt
HESN.txt
HI01.txt
HKMO.txt
HKUK.txt
HSMK.txt
HSSJ.txt
HSSM.txt
HSSS.txt
HSWW.txt
HTKJ.txt
HTSU.txt
I10.txt
I18.txt
I19.txt
I43.txt
K09.txt
KABE.txt
KABI.txt
KABQ.txt
KABY.txt
KACK.txt
KACY.txt
KADH.txt
KADM.txt
KADS.txt
KADW.txt
KAEX.txt
KAFW.txt
KAGC.txt
KAGS.txt
KAHN.txt
KAID.txt
KAIG.txt
KAIK.txt
KAIO.txt
KAJO.txt
KAKO.txt
KAKQ.txt
KALB.txt
KALN.txt
KALO.txt
KALS.txt
KALW.txt
KAMT.txt
KANE.txt
KANJ.txt
KAOC.txt
KAOO.txt
KAOV.txt
KAPA.txt
KAPC.txt
KAPH.txt
KAPN.txt
KAPV.txt
KAQO.txt
KAQP.txt
KARV.txt
KARW.txt
KASE.txt
KASG.txt
KASN.txt
KAST.txt
KASX.txt
KATL.txt
KATL.txt_elev.pkl
KATW.txt
KAUG.txt
KAUN.txt
KAUO.txt
KAUS.txt
KAUW.txt
KAVC.txt
KAVL.txt
KAVP.txt
KAVX.txt
KAWM.txt
KAWO.txt
KAZC.txt
KAZO.txt
KBAB.txt
KBAK.txt
KBAX.txt
KBAZ.txt
KBDE.txt
KBDH.txt
KBDL.txt
KBDN.txt
KBDU.txt
KBED.txt
KBEH.txt
KBFD.txt
KBFI.txt
KBFL.txt
KBFM.txt
KBFW.txt
KBGM.txt
KBGR.txt
KBHB.txt
KBHM.txt
KBID.txt
KBIE.txt
KBIH.txt
KBIL.txt
KBJC.txt
KBJI.txt
KBKE.txt
KBKL.txt
KBKW.txt
KBLF.txt
KBLH.txt
KBLI.txt
KBLU.txt
KBMG.txt
KBMI.txt
KBNA.txt
KBNO.txt
KBOI.txt
KBOK.txt
KBOS.txt
KBQK.txt
KBRD.txt
KBRL.txt
KBST.txt
KBTR.txt
KBTV.txt
KBTY.txt
KBUF.txt
KBUR.txt
KBVS.txt
KBVU.txt
KBWC.txt
KBWG.txt
KBWI.txt
KBXK.txt
KBYS.txt
KBZN.txt
KCAE.txt
KCAG.txt
KCAK.txt
KCBE.txt
KCCB.txt
KCCR.txt
KCDA.txt
KCDK.txt
KCDW.txt
KCEC.txt
KCEF.txt
KCEU.txt
KCEY.txt
KCEZ.txt
KCGE.txt
KCGI.txt
KCGS.txt
KCGZ.txt
KCHA.txt
KCHK.txt
KCHO.txt
KCHS.txt
KCID.txt
KCII.txt
KCJR.txt
KCKC.txt
KCKP.txt
KCKV.txt
KCLE.txt
KCLI.txt
KCLM.txt
KCLS.txt
KCLT.txt
KCLW.txt
KCMA.txt
KCMH.txt
KCMI.txt
KCMR.txt
KCNO.txt
KCNY.txt
KCOE.txt
KCOF.txt
KCOI.txt
KCOS.txt
KCOU.txt
KCPK.txt
KCPR.txt
KCPS.txt
KCQM.txt
KCRE.txt
KCRP.txt
KCRQ.txt
KCRW.txt
KCSM.txt
KCUB.txt
KCVG.txt
KCVO.txt
KCWA.txt
KCWC.txt
KCXP.txt
KCXY.txt
KCYO.txt
KCYW.txt
KCZG.txt
KDAA.txt
KDAB.txt
KDAF.txt
KDAG.txt
KDAY.txt
KDCA.txt
KDCU.txt
KDDH.txt
KDEN.txt
KDET.txt
KDFI.txt
KDFW.txt
KDHN.txt
KDHT.txt
KDIK.txt
KDKK.txt
KDKX.txt
KDLF.txt
KDLH.txt
KDLO.txt
KDLS.txt
KDLZ.txt
KDMO.txt
KDMW.txt
KDNL.txt
KDPA.txt
KDRP.txt
KDSM.txt
KDTL.txt
KDTN.txt
KDTS.txt
KDUA.txt
KDUH.txt
KDUJ.txt
KDVL.txt
KDVT.txt
KDYS.txt
KDYT.txt
KEAT.txt
KEAU.txt
KECG.txt
KECP.txt
KEDU.txt
KEED.txt
KEEN.txt
KEEO.txt
KEET.txt
KEFD.txt
KEFK.txt
KEFW.txt
KEGE.txt
KEGV.txt
KEHO.txt
KEIK.txt
KEKO.txt
KEKS.txt
KEKX.txt
KELA.txt
KELM.txt
KELN.txt
KEMT.txt
KEMV.txt
KEND.txt
KENW.txt
KEOP.txt
KERI.txt
KESN.txt
KETB.txt
KEUG.txt
KEVV.txt
KEVW.txt
KEVY.txt
KEWB.txt
KEWN.txt
KEWR.txt
KEYW.txt
KEZF.txt
KEZS.txt
KFAF.txt
KFAR.txt
KFAT.txt
KFAY.txt
KFCI.txt
KFCM.txt
KFDK.txt
KFFA.txt
KFFO.txt
KFFT.txt
KFFX.txt
KFGX.txt
KFHR.txt
KFIT.txt
KFKL.txt
KFKN.txt
KFLD.txt
KFLG.txt
KFLL.txt
KFLO.txt
KFLU.txt
KFME.txt
KFMH.txt
KFMN.txt
KFMY.txt
KFNL.txt
KFNT.txt
KFOE.txt
KFOK.txt
KFPR.txt
KFRG.txt
KFRR.txt
KFSD.txt
KFSO.txt
KFTW.txt
KFTY.txt
KFUL.txt
KFVX.txt
KFWA.txt
KFXE.txt
KFYJ.txt
KGAI.txt
KGCC.txt
KGCN.txt
KGDM.txt
KGED.txt
KGEG.txt
KGEO.txt
KGEU.txt
KGFK.txt
KGFL.txt
KGGG.txt
KGKT.txt
KGLS.txt
KGLW.txt
KGMU.txt
KGON.txt
KGOO.txt
KGPI.txt
KGPT.txt
KGPZ.txt
KGQQ.txt
KGRB.txt
KGRF.txt
KGRI.txt
KGRK.txt
KGSB.txt
KGSO.txt
KGSP.txt
KGTB.txt
KGTF.txt
KGUC.txt
KGVE.txt
KGWS.txt
KGYR.txt
KGYY.txt
KHAF.txt
KHDN.txt
KHEF.txt
KHEG.txt
KHFD.txt
KHGR.txt
KHHR.txt
KHII.txt
KHIO.txt
KHKS.txt
KHKY.txt
KHLG.txt
KHLM.txt
KHNZ.txt
KHOB.txt
KHOC.txt
KHOU.txt
KHPN.txt
KHPT.txt
KHQM.txt
KHQZ.txt
KHRL.txt
KHSD.txt
KHSP.txt
KHSV.txt
KHTO.txt
KHTS.txt
KHUA.txt
KHUF.txt
KHUT.txt
KHVN.txt
KHWY.txt
KHXD.txt
KHXF.txt
KHYI.txt
KHYR.txt
KHYW.txt
KHYX.txt
KHZL.txt
KHZR.txt
KIAD.txt
KIAH.txt
KICL.txt
KICT.txt
KIDA.txt
KIDL.txt
KIFP.txt
KIGM.txt
KIGQ.txt
KIIB.txt
KIJD.txt
KIKK.txt
KIKV.txt
KILM.txt
KIND.txt
KINL.txt
KINT.txt
KINW.txt
KIOW.txt
KIPT.txt
KISO.txt
KISP.txt
KISW.txt
KIWA.txt
KIWS.txt
KIYK.txt
KIZA.txt
KIZG.txt
KJAC.txt
KJAN.txt
KJBR.txt
KJEF.txt
KJFK.txt
KJGG.txt
KJHW.txt
KJKA.txt
KJLN.txt
KJMS.txt
KJRB.txt
KJST.txt
KJTC.txt
KJVL.txt
KJWN.txt
KJYO.txt
KJZI.txt
KKLS.txt
KKNB.txt
KLAF.txt
KLAL.txt
KLAN.txt
KLAR.txt
KLAW.txt
KLAX.txt
KLBB.txt
KLBE.txt
KLCH.txt
KLCK.txt
KLDM.txt
KLEB.txt
KLEW.txt
KLEX.txt
KLFT.txt
KLGA.txt
KLGD.txt
KLGF.txt
KLHM.txt
KLHV.txt
KLIT.txt
KLJF.txt
KLKP.txt
KLKU.txt
KLKV.txt
KLMT.txt
KLNK.txt
KLNS.txt
KLOT.txt
KLOU.txt
KLRJ.txt
KLRO.txt
KLSB.txt
KLTS.txt
KLUF.txt
KLUK.txt
KLVK.txt
KLVN.txt
KLWA.txt
KLWB.txt
KLWM.txt
KLWS.txt
KLXV.txt
KLYH.txt
KLZZ.txt
KMAL.txt
KMBS.txt
KMCI.txt
KMCO.txt
KMCW.txt
KMDH.txt
KMDQ.txt
KMDS.txt
KMDT.txt
KMDW.txt
KMDZ.txt
KMEI.txt
KMEM.txt
KMFI.txt
KMFR.txt
KMFV.txt
KMGG.txt
KMGW.txt
KMHK.txt
KMHR.txt
KMHT.txt
KMHV.txt
KMIA.txt
KMIB.txt
KMKC.txt
KMKE.txt
KMKG.txt
KMKJ.txt
KMKT.txt
KMLB.txt
KMLC.txt
KMLE.txt
KMLI.txt
KMMH.txt
KMMK.txt
KMMU.txt
KMMV.txt
KMOB.txt
KMOD.txt
KMOP.txt
KMOT.txt
KMOX.txt
KMPV.txt
KMQI.txt
KMQJ.txt
KMQS.txt
KMRF.txt
KMRH.txt
KMRY.txt
KMSL.txt
KMSN.txt
KMSO.txt
KMSP.txt
KMSY.txt
KMTC.txt
KMTH.txt
KMTN.txt
KMTO.txt
KMTV.txt
KMTW.txt
KMUT.txt
KMVL.txt
KMVN.txt
KMVY.txt
KMWA.txt
KMWC.txt
KMWH.txt
KMWO.txt
KMYF.txt
KMYJ.txt
KMYR.txt
KMYV.txt
KNCL.txt
KNEW.txt
KNKT.txt
KNLC.txt
KNOW.txt
KNPA.txt
KNRA.txt
KNSI.txt
KNUQ.txt
KNUW.txt
KNXP.txt
KNYG.txt
KNYL.txt
KOAK.txt
KOCQ.txt
KOEO.txt
KOFF.txt
KOFP.txt
KOGM.txt
KOJA.txt
KOJC.txt
KOKC.txt
KOKH.txt
KOKK.txt
KOKV.txt
KOLM.txt
KOLS.txt
KOLZ.txt
KOMA.txt
KOMH.txt
KONP.txt
KONT.txt
KONX.txt
KOPF.txt
KOQN.txt
KOQU.txt
KORB.txt
KORD.txt
KORF.txt
KORH.txt
KORS.txt
KOSH.txt
KOSU.txt
KOTH.txt
KOUN.txt
KOWB.txt
KOWD.txt
KOWP.txt
KOXB.txt
KOXC.txt
KOXD.txt
KOXR.txt
KOZA.txt
KPAE.txt
KPAH.txt
KPAN.txt
KPAO.txt
KPBG.txt
KPBH.txt
KPBI.txt
KPCZ.txt
KPDT.txt
KPDX.txt
KPEA.txt
KPFC.txt
KPGA.txt
KPGD.txt
KPGV.txt
KPHL.txt
KPHN.txt
KPIA.txt
KPIE.txt
KPIT.txt
KPJC.txt
KPKB.txt
KPKF.txt
KPLU.txt
KPMV.txt
KPNE.txt
KPNS.txt
KPNT.txt
KPOU.txt
KPQI.txt
KPRB.txt
KPRC.txt
KPRO.txt
KPSB.txt
KPSC.txt
KPSK.txt
KPSO.txt
KPSP.txt
KPTB.txt
KPTK.txt
KPTN.txt
KPTV.txt
KPUB.txt
KPUJ.txt
KPUW.txt
KPVC.txt
KPVD.txt
KPVF.txt
KPVG.txt
KPVU.txt
KPWA.txt
KPWC.txt
KPWK.txt
KPWM.txt
KPWT.txt
KPYM.txt
KRAP.txt
KRAS.txt
KRAW.txt
KRBG.txt
KRCA.txt
KRCX.txt
KRDD.txt
KRDG.txt
KRDM.txt
KRDR.txt
KRDU.txt
KREI.txt
KRFD.txt
KRGK.txt
KRHI.txt
KRIC.txt
KRIL.txt
KRIR.txt
KRIV.txt
KRKD.txt
KRME.txt
KRMN.txt
KRND.txt
KRNH.txt
KRNM.txt
KRNO.txt
KRNT.txt
KROA.txt
KROC.txt
KROX.txt
KRQE.txt
KRQO.txt
KRRT.txt
KRST.txt
KRSV.txt
KRSW.txt
KRTS.txt
KRUT.txt
KRYV.txt
KRZN.txt
KRZT.txt
KSAC.txt
KSAF.txt
KSAN.txt
KSAT.txt
KSAV.txt
KSAW.txt
KSBA.txt
KSBM.txt
KSBN.txt
KSBP.txt
KSBS.txt
KSBY.txt
KSCH.txt
KSDA.txt
KSDF.txt
KSDL.txt
KSDM.txt
KSEE.txt
KSEF.txt
KSET.txt
KSEZ.txt
KSFB.txt
KSFF.txt
KSFO.txt
KSFO.txt_elev.pkl
KSFZ.txt
KSGF.txt
KSHD.txt
KSHN.txt
KSHV.txt
KSIF.txt
KSJC.txt
KSJN.txt
KSJT.txt
KSKA.txt
KSKF.txt
KSKI.txt
KSKX.txt
KSLC.txt
KSLE.txt
KSLH.txt
KSLK.txt
KSLN.txt
KSMF.txt
KSMX.txt
KSNA.txt
KSNL.txt
KSOA.txt
KSOW.txt
KSPB.txt
KSPI.txt
KSPZ.txt
KSRB.txt
KSRE.txt
KSRQ.txt
KSSC.txt
KSSI.txt
KSSQ.txt
KSTC.txt
KSTJ.txt
KSTL.txt
KSUE.txt
KSUN.txt
KSUW.txt
KSUX.txt
KSVH.txt
KSWF.txt
KSWO.txt
KSXL.txt
KSYR.txt
KSZP.txt
KSZT.txt
KTAD.txt
KTAN.txt
KTCM.txt
KTCY.txt
KTDO.txt
KTEB.txt
KTEX.txt
KTGI.txt
KTHV.txt
KTIW.txt
KTKV.txt
KTLH.txt
KTMB.txt
KTME.txt
KTMK.txt
KTOA.txt
KTOI.txt
KTOL.txt
KTOP.txt
KTPA.txt
KTPL.txt
KTRI.txt
KTRK.txt
KTSP.txt
KTTD.txt
KTTN.txt
KTUL.txt
KTUS.txt
KTVC.txt
KTVK.txt
KTVL.txt
KTVY.txt
KTWF.txt
KTWM.txt
KTYL.txt
KTYR.txt
KTYS.txt
KTZR.txt
KUAO.txt
KUBE.txt
KUDD.txt
KUES.txt
KUIL.txt
KUNU.txt
KUNV.txt
KUSE.txt
KUTA.txt
KUTS.txt
KUUU.txt
KUYF.txt
KUZA.txt
KVCB.txt
KVCV.txt
KVGT.txt
KVIQ.txt
KVJI.txt
KVKS.txt
KVKX.txt
KVLD.txt
KVLL.txt
KVNW.txt
KVPS.txt
KVSF.txt
KVUJ.txt
KVUO.txt
KWAL.txt
KWDG.txt
KWHP.txt
KWJF.txt
KWLW.txt
KWRB.txt
KWRI.txt
KWST.txt
KXBP.txt
KXLL.txt
KXNA.txt
KXTA.txt
KYIP.txt
KYKM.txt
KYNG.txt
KZER.txt
KZPH.txt
L001.txt
L002.txt
L003.txt
L004.txt
L05.txt
L06.txt
L08.txt
L09.txt
L17.txt
L19.txt
L22.txt
L26.txt
l2.txt
L35.txt
L37.txt
L41.txt
L52.txt
L54.txt
L57.txt
L61.txt
L62.txt
L70.txt
L71.txt
L72.txt
L77.txt
L84.txt
L88.txt
L92.txt
LAGJ.txt
LAKU.txt
LBSF.txt
LCPH.txt
LDDU.txt
LDLO.txt
LDOS.txt
LDPL.txt
LDSB.txt
LDSH.txt
LDZA.txt
LDZD.txt
LE03.txt
LE04.txt
LEAL.txt
LEAP.txt
LEAT.txt
LEBL.txt
LEBZ.txt
LECD.txt
LEGE.txt
LEGR.txt
LEGV.txt
LEHS.txt
LEIU.txt
LELA.txt
LELH.txt
LELL.txt
LEMH.txt
LEMP.txt
LEPA.txt
LERL.txt
LEVC.txt
LEZG.txt
LF02.txt
LF4722.txt
LF8652.txt
LFAV.txt
LFBE.txt
LFCD.txt
LFCH.txt
LFCI.txt
LFCS.txt
LFCW.txt
LFDC.txt
LFDF.txt
LFDI.txt
LFDK.txt
LFDR.txt
LFDS.txt
LFDU.txt
LFDX.txt
LFDY.txt
LFEA.txt
LFEB.txt
LFEC.txt
LFED.txt
LFEQ.txt
LFES.txt
LFET.txt
LFEU.txt
LFEX.txt
LFEZ.txt
LFFC.txt
LFFJ.txt
LFFN.txt
LFFR.txt
LFFT.txt
LFGK.txt
LFHM.txt
LFHN.txt
LFHS.txt
LFIB.txt
LFIV.txt
LFJA.txt
LFJE.txt
LFJY.txt
LFKB.txt
LFKJ.txt
LFLC.txt
LFLI.txt
LFLJ.txt
LFLL.txt
LFLY.txt
LFMA.txt
LFMD.txt
LFMF.txt
LFMN.txt
LFMO.txt
LFMQ.txt
LFMR.txt
LFMX.txt
LFNA.txt
LFNC.txt
LFNF.txt
LFNH.txt
LFNJ.txt
LFNR.txt
LFNS.txt
LFNV.txt
LFNZ.txt
LFOK.txt
LFOQ.txt
LFPF.txt
LFPG.txt
LFPT.txt
LFPX.txt
LFQC.txt
LFQH.txt
LFQK.txt
LFQM.txt
LFQQ.txt
LFQW.txt
LFQX.txt
LFRB.txt
LFRD.txt
LFRG.txt
LFRH.txt
LFRJ.txt
LFRL.txt
LFRM.txt
LFRN.txt
LFRP.txt
LFRT.txt
LFRU.txt
LFRV.txt
LFSB.txt
LFSG.txt
LFSK.txt
LFSN.txt
LFST.txt
LFSU.txt
LFTM.txt
LFTP.txt
LFTZ.txt
LFVP.txt
LFXI.txt
LFXU.txt
LFYL.txt
LGAL.txt
LGAV.txt
LGKF.txt
LGKO.txt
LGKR.txt
LGNX.txt
LGPA.txt
LGSK.txt
LGSM.txt
LGTS.txt
LGZA.txt
LHBP.txt
LHBS.txt
LHDK.txt
LHFH.txt
LHHH.txt
LHOY.txt
LHPR.txt
LHSK.txt
LHSM.txt
LHZK.txt
LIAF.txt
LIAP.txt
LIAQ.txt
LIAU.txt
LIBA.txt
LIBC.txt
LIBD.txt
LIBF.txt
LIBG.txt
LIBP.txt
library.txt
LIBR.txt
LICA.txt
LICB.txt
LICC.txt
LICD.txt
LICG.txt
LICJ.txt
LICP.txt
LICR.txt
LICT.txt
LICZ.txt
LIDB.txt
LIDE.txt
LIDF.txt
LIDG.txt
LIDP.txt
LIDR.txt
LIDU.txt
LIDV.txt
LIEA.txt
LIEE.txt
LIEO.txt
LIER.txt
LIET.txt
LILE.txt
LILH.txt
LILI.txt
LILO.txt
LILQ.txt
LILR.txt
LIMA.txt
LIMB.txt
LIMC.txt
LIMF.txt
LIMG.txt
LIMJ.txt
LIML.txt
LIMP.txt
LIMS.txt
LIMW.txt
LIMZ.txt
LINL.txt
LIPC.txt
LIPE.txt
LIPF.txt
LIPH.txt
LIPK.txt
LIPM.txt
LIPO.txt
LIPQ.txt
LIPR.txt
LIPU.txt
LIPV.txt
LIPY.txt
LIPZ.txt
LIQB.txt
LIQL.txt
LIQN.txt
LIQS.txt
LIRA.txt
LIRE.txt
LIRF.txt
LIRG.txt
LIRH.txt
LIRI.txt
LIRJ.txt
LIRL.txt
LIRM.txt
LIRN.txt
LIRP.txt
LIRQ.txt
LIRS.txt
LIRU.txt
LIRV.txt
LIRZ.txt
LIVD.txt
LJAJ.txt
LJBL.txt
LJDI.txt
LJMS.txt
LJNM.txt
LJPZ.txt
LKKV.txt
LKPM.txt
LL22.txt
LLBG.txt
LMML.txt
LNMC.txt
LOAR.txt
LOAS.txt
log1.txt
LOGI.txt
LOGM.txt
LOGP.txt
LOGT.txt
log.txt
LOIH.txt
LOIR.txt
LOKL.txt
LOKM.txt
LOLF.txt
LOLK.txt
LOLO.txt
LOWG.txt
LOWL.txt
LOWS.txt
LOWW.txt
LOWZ.txt
LOXA.txt
LPAV.txt
LPCO.txt
LPCR.txt
LPEV.txt
LPFC.txt
LPJF.txt
LPMA.txt
LPPD.txt
LPPI.txt
LPPR.txt
LPPS.txt
LPPT.txt
LPSC.txt
LPSO.txt
LQMO.txt
LQSA.txt
LRBH.txt
LRCL.txt
LROP.txt
LRPT.txt
LRSB.txt
LRSM.txt
LRTC.txt
LRTM.txt
LRWG.txt
LSEZ.txt
LSGC.txt
LSGE.txt
LSGL.txt
LSGN.txt
LSGS.txt
LSMF.txt
LSMM.txt
LSPG.txt
LSPH.txt
LSPL.txt
LSPM.txt
LSPN.txt
LSPU.txt
LSPV.txt
LSXB.txt
LSXG.txt
LSXV.txt
LSZB.txt
LSZC.txt
LSZE.txt
LSZF.txt
LSZG.txt
LSZH.txt
LSZI.txt
LSZK.txt
LSZL.txt
LSZN.txt
LSZO.txt
LSZQ.txt
LSZR.txt
LSZS.txt
LSZU.txt
LSZV.txt
LTAC.txt
LTAF.txt
LTAJ.txt
LTAN.txt
LTAU.txt
LTBA.txt
LTBH.txt
LTBJ.txt
LTBS.txt
LTCB.txt
LTCC.txt
LTCE.txt
LTCL.txt
LTCV.txt
LTFE.txt
LTFG.txt
LTFH.txt
LTFJ.txt
LUBL.txt
LWOH.txt
LWSK.txt
LXGB.txt
LY88.txt
LYTV.txt
LYUZ.txt
LYVR.txt
LYZR.txt
LZBD.txt
LZDB.txt
LZDV.txt
LZHL.txt
LZJS.txt
LZKC.txt
LZKS.txt
LZLU.txt
LZMA.txt
LZMC.txt
LZNI.txt
LZNZ.txt
LZOC.txt
LZPE.txt
LZPP.txt
LZPT.txt
LZPW.txt
LZRU.txt
LZRY.txt
LZSE.txt
LZSK.txt
LZSL.txt
LZSV.txt
LZSY.txt
LZTN.txt
LZTR.txt
LZTT.txt
LZZI.txt
M34.txt
M38.txt
M45.txt
MBGT.txt
MBMC.txt
MBPV.txt
MD25.txt
MD49.txt
MD62.txt
MDPC.txt
MHDU.txt
MHPL.txt
missing_stuff.txt
MKJP.txt
MKJS.txt
MKNG.txt
MKTP.txt
MMLT.txt
MMSF.txt
MMUN.txt
MN50.txt
MPEJ.txt
MRFI.txt
MRQP.txt
MTPP.txt
MUBA.txt
MUBY.txt
MUCA.txt
MUCC.txt
MUCF.txt
MUCL.txt
MUCU.txt
MUHA.txt
MUSA.txt
MUVR.txt
MUVT.txt
MWCB.txt
MWCL.txt
MWCR.txt
MYAM.txt
MYAW.txt
MYBS.txt
MYEF.txt
MYEH.txt
MYEN.txt
MYGF.txt
MYNN.txt
MYRD.txt
MZBZ.txt
N53.txt
N59.txt
N82.txt
N94.txt
N96.txt
NC68.txt
NC88.txt
NSFA.txt
NSFI.txt
NSTU.txt
NTTO.txt
NV42.txt
NY17.txt
NY22.txt
NY54.txt
NY60.txt
NZAA.txt
NZAG.txt
NZAR.txt
NZAS.txt
NZBA.txt
NZCB.txt
NZCH.txt
NZCI.txt
NZCS.txt
NZDN.txt
NZFF.txt
NZFH.txt
NZGC.txt
NZGM.txt
NZGT.txt
NZGY.txt
NZHK.txt
NZHN.txt
NZHR.txt
NZHT.txt
NZKI.txt
NZKK.txt
NZKM.txt
NZKT.txt
NZLE.txt
NZLX.txt
NZMC.txt
NZMF.txt
NZMJ.txt
NZMK.txt
NZMR.txt
NZNP.txt
NZNR.txt
NZNS.txt
NZOA.txt
NZOM.txt
NZOP.txt
NZOU.txt
NZPH.txt
NZPM.txt
NZPN.txt
NZQN.txt
NZRA.txt
NZRC.txt
NZRO.txt
NZRT.txt
NZRV.txt
NZRX.txt
NZTH.txt
NZTI.txt
NZTK.txt
NZTL.txt
NZTU.txt
NZUK.txt
NZUN.txt
NZVL.txt
NZWB.txt
NZWF.txt
NZWL.txt
NZWM.txt
NZWP.txt
NZWR.txt
NZWS.txt
O05.txt
O22.txt
O24.txt
O26.txt
O43.txt
O47.txt
O57.txt
OINR.txt
OK01.txt
OMAQ.txt
omdb-no-holes.txt
OMDB.txt
OMDW.txt
OMSM.txt
OMSN.txt
OPGT.txt
OPKC.txt
OPRN.txt
OR10.txt
OR27.txt
OR53.txt
OR81.txt
P01.txt
P08.txt
P10.txt
P13.txt
P14.txt
P20.txt
P23.txt
P52.txt
PAAL.txt
PAAM.txt
PABI.txt
PACV.txt
PADU.txt
PAEN.txt
PAFE.txt
PAGY.txt
PAHN.txt
PAIL.txt
PAJN.txt
PAKH.txt
PAKT.txt
PAK.txt
PALH.txt
PANC.txt
PANI.txt
PAOT.txt
PAPG.txt
PASI.txt
PASN.txt
PASX.txt
PAVD.txt
PGRO.txt
PGSN.txt
PGUM.txt
PGWT.txt
PHFS.txt
PHHN.txt
PHJH.txt
PHKO.txt
PHLI.txt
PHLU.txt
PHMK.txt
PHMU.txt
PHNL.txt
PHNY.txt
PHOG.txt
PHTO.txt
PKMJ.txt
PKWA.txt
PLCH.txt
PMDY.txt
PS81.txt
PS95.txt
PTKK.txt
PWAK.txt
QANA.txt
RJAA.txt
RJAO.txt
RJBB.txt
RJBE.txt
RJCC.txt
RJCW.txt
RJDA.txt
RJDB.txt
RJDC.txt
RJDK.txt
RJDO.txt
RJDT.txt
RJEB.txt
RJFC.txt
RJFE.txt
RJFK.txt
RJFM.txt
RJFU.txt
RJNF.txt
RJOO.txt
RJOR.txt
RJSS.txt
RJT2.txt
RJTT.txt
RKSI.txt
ROYN.txt
RPLC.txt
RPLI.txt
RPMY.txt
RPVI.txt
RPVM.txt
RPVP.txt
RPVT.txt
S03.txt
S05.txt
S10.txt
S12.txt
S16.txt
S18.txt
S20.txt
S21.txt
S25.txt
S31.txt
S33.txt
S43.txt
S49.txt
S50.txt
S52.txt
S83.txt
SA07.txt
SA08.txt
SA15.txt
SA17.txt
SA18.txt
SA27.txt
SA38.txt
SA46.txt
SA7Q.txt
SA7U.txt
SA9E.txt
SAAV.txt
SABE.txt
SACO.txt
SADF.txt
SADM.txt
SADP.txt
SAEZ.txt
SAHC.txt
SAHE.txt
SAHS.txt
SAHZ.txt
SAME.txt
SAMM.txt
SAMR.txt
SANC.txt
SANE.txt
SANL.txt
SANO.txt
SANT.txt
SAOM.txt
SAOS.txt
SAOU.txt
SARC.txt
SASA.txt
SASJ.txt
SASQ.txt
SATI.txt
SAVA.txt
SAVC.txt
SAVD.txt
SAVE.txt
SAVY.txt
SAWC.txt
SAWD.txt
SAWE.txt
SAWG.txt
SAWH.txt
SAWO.txt
SAWP.txt
SAWT.txt
SAWU.txt
SAZB.txt
SAZM.txt
SAZN.txt
SAZR.txt
SAZY.txt
SBAE.txt
SBAN.txt
SBAR.txt
SBBH.txt
SBBP.txt
SBBR.txt
SBBU.txt
SBCF.txt
SBCN.txt
SBCO.txt
SBFI.txt
SBFL.txt
SBFN.txt
SBGL.txt
SBGO.txt
SBGP.txt
SBIC.txt
SBIH.txt
SBJD.txt
SBJF.txt
SBJR.txt
SBJU.txt
SBKP.txt
SBLS.txt
SBMK.txt
SBMQ.txt
SBNT.txt
SBPA.txt
SBPC.txt
SBPK.txt
SBPL.txt
SBPR.txt
SBPV.txt
SBQV.txt
SBRF.txt
SBRJ.txt
SBRP.txt
SBSM.txt
SBSP.txt
SBST.txt
SBSV.txt
SBUL.txt
SC07.txt
SC11.txt
SC13.txt
SC14.txt
SC18.txt
SC1A.txt
SC22.txt
SC23.txt
SC24.txt
SC45.txt
SC65.txt
SC71.txt
SC99.txt
SCAC.txt
SCAE.txt
SCAH.txt
SCAI.txt
SCAK.txt
SCAN.txt
SCAP.txt
SCAQ.txt
SCAR.txt
SCAS.txt
SCAT.txt
SCAY.txt
SCBA.txt
SCBB.txt
SCBE.txt
SCBI.txt
SCBS.txt
SCCA.txt
SCCB.txt
SCCC.txt
SCCF.txt
SCCH.txt
SCCK.txt
SCCL.txt
SCCM.txt
SCCR.txt
SCCT.txt
SCCU.txt
SCCV.txt
SCCY.txt
SCDQ.txt
SCDW.txt
SCEB.txt
SCEL.txt
SCER.txt
SCEY.txt
SCFC.txt
SCFK.txt
SCFM.txt
SCFR.txt
SCFT.txt
SCFX.txt
SCGA.txt
SCGB.txt
SCGL.txt
SCGO.txt
SCGY.txt
SCGZ.txt
SCHA.txt
SCHC.txt
SCHR.txt
SCHW.txt
SCIA.txt
SCIB.txt
SCIC.txt
SCIE.txt
SCIH.txt
SCII.txt
SCIK.txt
SCIL.txt
SCIM.txt
SCIO.txt
SCIR.txt
SCIS.txt
SCJO.txt
SCKD.txt
SCKL.txt
SCKM.txt
SCKO.txt
SCKP.txt
SCKT.txt
SCLB.txt
SCLC.txt
SCLD.txt
SCLE.txt
SCLJ.txt
SCLL.txt
SCLN.txt
SCLQ.txt
SCLY.txt
SCMA.txt
SCMF.txt
SCMK.txt
SCML.txt
SCMP.txt
SCND.txt
SCNE.txt
SCNK.txt
SCNM.txt
SCOH.txt
SCOL.txt
SCON.txt
SCOO.txt
SCOT.txt
SCOV.txt
SCPB.txt
SCPC.txt
SCPF.txt
SCPH.txt
SCPI.txt
SCPK.txt
SCPL.txt
SCPM.txt
SCPP.txt
SCPQ.txt
SCPR.txt
SCPU.txt
SCPV.txt
SCPY.txt
SCQC.txt
SCQE.txt
SCQI.txt
SCQK.txt
SCQL.txt
SCQM.txt
SCQP.txt
SCQR.txt
SCQT.txt
SCQY.txt
SCRA.txt
SCRB.txt
SCRC.txt
SCRD.txt
SCRE.txt
SCRF.txt
SCRG.txt
SCRI.txt
SCRM.txt
SCRN.txt
SCRS.txt
SCRU.txt
SCSB.txt
SCSD.txt
SCSE.txt
SCSF.txt
SCSH.txt
SCSJ.txt
SCSL.txt
SCSM.txt
SCSN.txt
SCSR.txt
SCST.txt
SCSZ.txt
SCTA.txt
SCTB.txt
SCTE.txt
SCTI.txt
SCTL.txt
SCTN.txt
SCTO.txt
SCTP.txt
SCTR.txt
SCTT.txt
SCUI.txt
SCUL.txt
SCVD.txt
SCVH.txt
SCVI.txt
SCVL.txt
SCVM.txt
SCVN.txt
SCVO.txt
SCXR.txt
SCYB.txt
SD68.txt
SDCR.txt
SDIH.txt
SDIM.txt
SDMF.txt
SDOB.txt
SDTB.txt
SDVH.txt
SEII.txt
SEMT.txt
SEQM.txt
SIQE.txt
SJCM.txt
SJDS.txt
SJRG.txt
SKAP.txt
SKAR.txt
SKAS.txt
SKBC.txt
SKBG.txt
SKBN.txt
SKBU.txt
SKCC.txt
SKCG.txt
SKCN.txt
SKCU.txt
SKCV.txt
SKCZ.txt
SKEB.txt
SKEJ.txt
SKFL.txt
SKGB.txt
SKGI.txt
SKMD.txt
SKMZ.txt
SKNV.txt
SKPP.txt
SLCB.txt
SLLP.txt
SLPS.txt
SLSU.txt
SLTJ.txt
SLTR.txt
SLVR.txt
SMTO.txt
SNDT.txt
SNDV.txt
SNEJ.txt
SNFF.txt
SNFL.txt
SNGX.txt
SNJK.txt
SNJM.txt
SNKF.txt
SNKI.txt
SNMF.txt
SNOF.txt
SNQV.txt
SNZA.txt
SPCL.txt
SPHI.txt
SPHO.txt
SPIM.txt
SPJC.txt
SPJL.txt
SPQT.txt
SPQU.txt
SPRU.txt
SPSO.txt
SPTN.txt
SPTU.txt
SPZO.txt
SSAN.txt
SSBN.txt
SSBR.txt
SSCC.txt
SSDC.txt
SSMW.txt
SSSS.txt
SULS.txt
SUMU.txt
SURV.txt
SVCN.txt
SWFR.txt
SWNS.txt
SWUZ.txt
SWWM.txt
T03.txt
T82.txt
TAPH.txt
TFFC.txt
TFFF.txt
TFFJ.txt
TGPY.txt
TGPZ.txt
TIST.txt
TISX.txt
TJAB.txt
TJBQ.txt
TJMZ.txt
TJPS.txt
TJSJ.txt
TKPK.txt
TLPC.txt
TLPL.txt
TNCB.txt
TNCM.txt
top20.txt
TTPP.txt
TUPW.txt
TXKF.txt
U30.txt
U36.txt
U52.txt
U55.txt
U70.txt
U76.txt
UBBB.txt
UERP.txt
UGSB.txt
UHMP.txt
UHPP.txt
UHSS.txt
UHWW.txt
UKKK.txt
UKLR.txt
ULAR.txt
ULAS.txt
ULDR.txt
ULLI.txt
ULOO.txt
ULPA.txt
ULPK.txt
ULPM.txt
ULPP.txt
ULPS.txt
ULPW.txt
ULWR.txt
UMKK.txt
UNKL.txt
UNKY.txt
UNLL.txt
UOHH.txt
URML.txt
UROD.txt
URWW.txt
USCC.txt
USMQ.txt
UT44.txt
UTOD.txt
UUDD.txt
UUEE.txt
UUMB.txt
UWLW.txt
UWOO.txt
VA29.txt
VA37.txt
VA42.txt
VA71.txt
VA88.txt
VGCB.txt
VGSD.txt
VHHH.txt
VHSK.txt
VI65.txt
VIAR.txt
VIDF.txt
VMMC.txt
VNDH.txt
VNDP.txt
VNJL.txt
VNJS.txt
VNST.txt
VNT1.txt
VNTR.txt
VO80.txt
VOBL.txt
VOCB.txt
VOPC.txt
VT46.txt
VTBS.txt
VTSP.txt
VTSW.txt
VVCM.txt
VYXG.txt
W00.txt
W03.txt
W10.txt
W16.txt
W18.txt
W23.txt
W27.txt
W28.txt
W29.txt
W32.txt
W35.txt
W45.txt
W48.txt
W50.txt
W81.txt
W91.txt
W96.txt
WA28.txt
WA35.txt
WA42.txt
WA45.txt
WA59.txt
WA67.txt
WAAA.txt
WADD.txt
WADL.txt
WADY.txt
WAFD.txt
WAJK.txt
WAJO.txt
WAPP.txt
WI47.txt
WIHH.txt
WIMK.txt
WIMM.txt
WITM.txt
WMGK.txt
WMKA.txt
WMKB.txt
WMKC.txt
WMKE.txt
WMKF.txt
WMKI.txt
WMKK.txt
WMKL.txt
WMKM.txt
WMKN.txt
WMKP.txt
WMPA.txt
WMPR.txt
WMSA.txt
WN00.txt
WN21.txt
WN23.txt
WN29.txt
WN37.txt
WN40.txt
WN49.txt
WN54.txt
WN60.txt
WSAC.txt
WSSL.txt
WSSS.txt
WW43.txt
WW44.txt
WW89.txt
WX43.txt
WXX4.txt
WZ43.txt
X6MU.txt
XBRO.txt
XCPL6.txt
XCYCNW3.txt
XED12.txt
XED2A.txt
XED2D.txt
XED2E.txt
XED2F.txt
XED2G.txt
XED2H.txt
XED2I.txt
XED2J.txt
XED6A.txt
XED6B.txt
XED7A.txt
XED7B.txt
XED7C.txt
XED7D.txt
XED7E.txt
XED7G.txt
XED7I.txt
XED7J.txt
XED7K.txt
XED7M.txt
XED7N.txt
XED7O.txt
XED7R.txt
XED7S.txt
XED7U.txt
XED7W.txt
XED7Y.txt
XEDAB.txt
XEDAC.txt
XEDAE.txt
XEDAI.txt
XEDB2.txt
XEDBW.txt
XEDC9.txt
XEDCA.txt
XEDCK.txt
XEDCU.txt
XEDCW.txt
XEDCY.txt
XEDDA.txt
XEDDM.txt
XEDE9.txt
XEDF2.txt
XEDFO.txt
XEDG7.txt
XEDGK.txt
XEDGY.txt
XEDH2.txt
XEDH7.txt
XEDI7.txt
XEDJ7.txt
XEDK7.txt
XEDL7.txt
XEDM7.txt
XEDN7.txt
XEDO7.txt
XEDP7.txt
XEDQ7.txt
XEDR7.txt
XESE1.txt
XESE2.txt
XESE4.txt
XESE5.txt
XESE6.txt
XESE7.txt
XESG1.txt
XESG2.txt
XESG3.txt
XESG4.txt
XESG5.txt
XESG6.txt
XESG7.txt
XESG8.txt
XESG9.txt
XESK1.txt
XESM10.txt
XESM1.txt
XESM2.txt
XESM3.txt
XESM4.txt
XESM5.txt
XESM6.txt
XESM7.txt
XESM8.txt
XESM9.txt
XESN10.txt
XESN11.txt
XESN1.txt
XESN2.txt
XESN3.txt
XESN4.txt
XESN6.txt
XESN7.txt
XESN8.txt
XESN9.txt
XESS10.txt
XESS11.txt
XESS12.txt
XESS13.txt
XESS14.txt
XESS15.txt
XESS16.txt
XESS1.txt
XESS2.txt
XESS3.txt
XESS4.txt
XESS5.txt
XESS6.txt
XESS7.txt
XESS8.txt
XESS9.txt
XESU1.txt
XESU2.txt
XESU3.txt
XESV10.txt
XESV11.txt
XESV1.txt
XESV2.txt
XESV3.txt
XESV4.txt
XESV5.txt
XESV6.txt
XESV7.txt
XESV8.txt
XESV9.txt
XESVE.txt
XGLFOY.txt
XL005.txt
XL006.txt
XL007.txt
XL008.txt
XL009.txt
XL011.txt
XL013.txt
XL014.txt
XL015.txt
XLEGK.txt
XLEMS.txt
XLEVH.txt
XNZCV.txt
XNZFS.txt
XNZH5.txt
XNZHX.txt
XNZL7.txt
XNZLH.txt
XNZMP.txt
XNZMW.txt
XNZNB.txt
XNZQP.txt
XNZQU.txt
XNZRF.txt
XNZSF.txt
XNZUQ.txt
XNZYL.txt
XOMJE.txt
XOMNK.txt
XPLO.txt
XSA70.txt
XSSN.txt
XUL02.txt
XULPW.txt
XUNSP.txt
XUSDT.txt
XUSMA.txt
XWA01.txt
XZK02.txt
XZMHA.txt
XZMTU.txt
XZMUB.txt
Y27.txt
Y49.txt
Y55.txt
Y77.txt
YARM.txt
YAYE.txt
YBAS.txt
YBLT.txt
YBMK.txt
YBOA.txt
YCFS.txt
YHOT.txt
YKDI.txt
YMAV.txt
YMML.txt
YNBR.txt
YPAD.txt
YPKS.txt
YPXM.txt
YRED.txt
YRSY.txt
YSCN.txt
YSNF.txt
YTEM.txt
YTNK.txt
YTWB.txt
YWDH.txt
YWYY.txt
ZBAA.txt
ZGFS.txt
ZGGG.txt
ZGHC.txt
ZGSD.txt
ZGSZ.txt
ZHHH.txt
ZHLY.txt
ZKHM.txt
ZKPY.txt
ZLXN.txt
ZMAH.txt
ZMAT.txt
ZMBD.txt
ZMBH.txt
ZMBN.txt
ZMBR.txt
ZMBS.txt
ZMBU.txt
ZMCD.txt
ZMDA.txt
ZMDN.txt
ZMDZ.txt
ZMED.txt
ZMGT.txt
ZMHG.txt
ZMHH.txt
ZMHU.txt
ZMKB.txt
ZMKD.txt
ZMMG.txt
ZMMN.txt
ZMSF.txt
ZMSH.txt
ZMTG.txt
ZMTL.txt
ZMTT.txt
ZMUG.txt
ZMUH.txt
ZMUL.txt
ZPDL.txt
ZSPD.txt
ZSSS.txt
ZUBD.txt
ZUGH.txt
ZUMY.txt
ZUNZ.txt
ZUUU.txt
ZUXJ.txt
ZWEI.txt
ZWKN.txt
